<?xml version="1.0" encoding="UTF-8"?>
<testsuite name="ru.ac.uniyar.testingcourse.CounterTest" tests="2" skipped="0" failures="0" errors="0" timestamp="2022-04-12T11:00:26" hostname="DESKTOP-8USLV9A" time="0.034">
  <properties/>
  <testcase name="testReset()" classname="ru.ac.uniyar.testingcourse.CounterTest" time="0.031"/>
  <testcase name="testConstructor()" classname="ru.ac.uniyar.testingcourse.CounterTest" time="0.001"/>
  <system-out><![CDATA[]]></system-out>
  <system-err><![CDATA[]]></system-err>
</testsuite>
